2021-02-14 18:53:41.743  INFO 12364 --- [restartedMain] o.study.pma.ProjectManagmentApplication  : Starting ProjectManagmentApplication on DESKTOP-O6B42TT with PID 12364 (E:\Spring Project\Project-managment4\target\classes started by sami_ in E:\Spring Project\Project-managment4)
2021-02-14 18:53:41.749 DEBUG 12364 --- [restartedMain] o.study.pma.ProjectManagmentApplication  : Running with Spring Boot v2.3.7.RELEASE, Spring v5.2.12.RELEASE
2021-02-14 18:53:41.750  INFO 12364 --- [restartedMain] o.study.pma.ProjectManagmentApplication  : The following profiles are active: dev
2021-02-14 18:53:41.831  INFO 12364 --- [restartedMain] .e.DevToolsPropertyDefaultsPostProcessor : Devtools property defaults active! Set 'spring.devtools.add-properties' to 'false' to disable
2021-02-14 18:53:41.832  INFO 12364 --- [restartedMain] .e.DevToolsPropertyDefaultsPostProcessor : For additional web related logging consider setting the 'logging.level.web' property to 'DEBUG'
2021-02-14 18:53:42.786  INFO 12364 --- [restartedMain] .s.d.r.c.RepositoryConfigurationDelegate : Bootstrapping Spring Data JPA repositories in DEFAULT mode.
2021-02-14 18:53:42.856  INFO 12364 --- [restartedMain] .s.d.r.c.RepositoryConfigurationDelegate : Finished Spring Data repository scanning in 62ms. Found 3 JPA repository interfaces.
2021-02-14 18:53:43.691  INFO 12364 --- [restartedMain] o.s.b.w.embedded.tomcat.TomcatWebServer  : Tomcat initialized with port(s): 8080 (http)
2021-02-14 18:53:43.784  INFO 12364 --- [restartedMain] w.s.c.ServletWebServerApplicationContext : Root WebApplicationContext: initialization completed in 1951 ms
2021-02-14 18:53:44.576  INFO 12364 --- [restartedMain] o.s.b.a.h2.H2ConsoleAutoConfiguration    : H2 console available at '/h2-console'. Database available at 'jdbc:postgresql://localhost:5432/pma-springbootdb'
2021-02-14 18:53:46.074  INFO 12364 --- [restartedMain] j.LocalContainerEntityManagerFactoryBean : Initialized JPA EntityManagerFactory for persistence unit 'default'
2021-02-14 18:53:46.651  WARN 12364 --- [restartedMain] JpaBaseConfiguration$JpaWebConfiguration : spring.jpa.open-in-view is enabled by default. Therefore, database queries may be performed during view rendering. Explicitly configure spring.jpa.open-in-view to disable this warning
2021-02-14 18:53:47.394  INFO 12364 --- [restartedMain] o.s.s.web.DefaultSecurityFilterChain     : Creating filter chain: any request, [org.springframework.security.web.context.request.async.WebAsyncManagerIntegrationFilter@bf99ea, org.springframework.security.web.context.SecurityContextPersistenceFilter@f2217eb, org.springframework.security.web.header.HeaderWriterFilter@2fc777ab, org.springframework.security.web.csrf.CsrfFilter@511b04fa, org.springframework.security.web.authentication.logout.LogoutFilter@53d14a0b, org.springframework.security.web.authentication.UsernamePasswordAuthenticationFilter@6ab3e16e, org.springframework.security.web.authentication.ui.DefaultLoginPageGeneratingFilter@4e34fc7b, org.springframework.security.web.authentication.ui.DefaultLogoutPageGeneratingFilter@31083f44, org.springframework.security.web.savedrequest.RequestCacheAwareFilter@1ce5ec62, org.springframework.security.web.servletapi.SecurityContextHolderAwareRequestFilter@3f589af, org.springframework.security.web.authentication.AnonymousAuthenticationFilter@6af44d56, org.springframework.security.web.session.SessionManagementFilter@63d9e3d8, org.springframework.security.web.access.ExceptionTranslationFilter@1a72c6d4, org.springframework.security.web.access.intercept.FilterSecurityInterceptor@14908d54]
2021-02-14 18:53:47.552  INFO 12364 --- [restartedMain] o.s.s.concurrent.ThreadPoolTaskExecutor  : Initializing ExecutorService 'applicationTaskExecutor'
2021-02-14 18:53:47.988  INFO 12364 --- [restartedMain] o.s.b.d.a.OptionalLiveReloadServer       : LiveReload server is running on port 35729
2021-02-14 18:53:48.031  INFO 12364 --- [restartedMain] o.s.b.w.embedded.tomcat.TomcatWebServer  : Tomcat started on port(s): 8080 (http) with context path ''
2021-02-14 18:53:48.040  INFO 12364 --- [restartedMain] o.study.pma.ProjectManagmentApplication  : Started ProjectManagmentApplication in 6.697 seconds (JVM running for 8.276)
2021-02-14 18:54:00.284  INFO 12364 --- [http-nio-8080-exec-1] o.s.web.servlet.DispatcherServlet        : Initializing Servlet 'dispatcherServlet'
2021-02-14 18:54:00.315  INFO 12364 --- [http-nio-8080-exec-1] o.s.web.servlet.DispatcherServlet        : Completed initialization in 31 ms
2021-02-14 18:54:14.827  INFO 12364 --- [RMI TCP Connection(10)-127.0.0.1] inMXBeanRegistrar$SpringApplicationAdmin : Application shutdown requested.
2021-02-14 18:54:15.265  INFO 12364 --- [RMI TCP Connection(10)-127.0.0.1] o.s.s.concurrent.ThreadPoolTaskExecutor  : Shutting down ExecutorService 'applicationTaskExecutor'
2021-02-14 18:54:15.270  INFO 12364 --- [RMI TCP Connection(10)-127.0.0.1] j.LocalContainerEntityManagerFactoryBean : Closing JPA EntityManagerFactory for persistence unit 'default'
